[github.com/flipped-aurora/gin-vue-admin/server]2026-03-23 09:39:54.603	[31mfatal[0m	/Users/wangjingjun/work/promotion/server/core/server_run.go:56	WEB服务关闭异常	{"error": "context deadline exceeded"}
github.com/flipped-aurora/gin-vue-admin/server/core.initServer
	/Users/wangjingjun/work/promotion/server/core/server_run.go:56
github.com/flipped-aurora/gin-vue-admin/server/core.RunServer
	/Users/wangjingjun/work/promotion/server/core/server.go:53
main.main
	/Users/wangjingjun/work/promotion/server/main.go:34
runtime.main
	/Users/wangjingjun/go/pkg/mod/golang.org/toolchain@v0.0.1-go1.25.8.darwin-arm64/src/runtime/proc.go:285
[github.com/flipped-aurora/gin-vue-admin/server]2026-03-23 10:07:49.024	[31mfatal[0m	/Users/wangjingjun/work/promotion/server/core/server_run.go:56	WEB服务关闭异常	{"error": "context deadline exceeded"}
github.com/flipped-aurora/gin-vue-admin/server/core.initServer
	/Users/wangjingjun/work/promotion/server/core/server_run.go:56
github.com/flipped-aurora/gin-vue-admin/server/core.RunServer
	/Users/wangjingjun/work/promotion/server/core/server.go:53
main.main
	/Users/wangjingjun/work/promotion/server/main.go:34
runtime.main
	/Users/wangjingjun/go/pkg/mod/golang.org/toolchain@v0.0.1-go1.25.8.darwin-arm64/src/runtime/proc.go:285
[github.com/flipped-aurora/gin-vue-admin/server]2026-03-23 10:10:54.580	[31mfatal[0m	/Users/wangjingjun/work/promotion/server/core/server_run.go:56	WEB服务关闭异常	{"error": "context deadline exceeded"}
github.com/flipped-aurora/gin-vue-admin/server/core.initServer
	/Users/wangjingjun/work/promotion/server/core/server_run.go:56
github.com/flipped-aurora/gin-vue-admin/server/core.RunServer
	/Users/wangjingjun/work/promotion/server/core/server.go:53
main.main
	/Users/wangjingjun/work/promotion/server/main.go:34
runtime.main
	/Users/wangjingjun/go/pkg/mod/golang.org/toolchain@v0.0.1-go1.25.8.darwin-arm64/src/runtime/proc.go:285
[github.com/flipped-aurora/gin-vue-admin/server]2026-03-23 10:23:24.375	[31mfatal[0m	/Users/wangjingjun/work/promotion/server/core/server_run.go:56	WEB服务关闭异常	{"error": "context deadline exceeded"}
github.com/flipped-aurora/gin-vue-admin/server/core.initServer
	/Users/wangjingjun/work/promotion/server/core/server_run.go:56
github.com/flipped-aurora/gin-vue-admin/server/core.RunServer
	/Users/wangjingjun/work/promotion/server/core/server.go:53
main.main
	/Users/wangjingjun/work/promotion/server/main.go:34
runtime.main
	/Users/wangjingjun/go/pkg/mod/golang.org/toolchain@v0.0.1-go1.25.8.darwin-arm64/src/runtime/proc.go:285
[github.com/flipped-aurora/gin-vue-admin/server]2026-03-23 20:41:29.963	[31mfatal[0m	/Users/wangjingjun/work/promotion/server/core/server_run.go:56	WEB服务关闭异常	{"error": "context deadline exceeded"}
github.com/flipped-aurora/gin-vue-admin/server/core.initServer
	/Users/wangjingjun/work/promotion/server/core/server_run.go:56
github.com/flipped-aurora/gin-vue-admin/server/core.RunServer
	/Users/wangjingjun/work/promotion/server/core/server.go:53
main.main
	/Users/wangjingjun/work/promotion/server/main.go:34
runtime.main
	/Users/wangjingjun/go/pkg/mod/golang.org/toolchain@v0.0.1-go1.25.8.darwin-arm64/src/runtime/proc.go:285
[github.com/flipped-aurora/gin-vue-admin/server]2026-03-23 20:43:22.486	[31mfatal[0m	/Users/wangjingjun/work/promotion/server/core/server_run.go:56	WEB服务关闭异常	{"error": "context deadline exceeded"}
github.com/flipped-aurora/gin-vue-admin/server/core.initServer
	/Users/wangjingjun/work/promotion/server/core/server_run.go:56
github.com/flipped-aurora/gin-vue-admin/server/core.RunServer
	/Users/wangjingjun/work/promotion/server/core/server.go:53
main.main
	/Users/wangjingjun/work/promotion/server/main.go:34
runtime.main
	/Users/wangjingjun/go/pkg/mod/golang.org/toolchain@v0.0.1-go1.25.8.darwin-arm64/src/runtime/proc.go:285
