[github.com/flipped-aurora/gin-vue-admin/server]2026-03-22 15:16:13.172	[31merror[0m	/Users/wangjingjun/work/promotion/server/api/v1/promotion/link.go:305	update ocpc failed	{"error": "Error 1292 (22007): Incorrect datetime value: '0000-00-00' for column 'created_at' at row 1"}
github.com/flipped-aurora/gin-vue-admin/server/api/v1/promotion.(*LinkApi).UpdatePromotionLinkOcpc
	/Users/wangjingjun/work/promotion/server/api/v1/promotion/link.go:305
github.com/gin-gonic/gin.(*Context).Next
	/Users/wangjingjun/go/pkg/mod/github.com/gin-gonic/gin@v1.10.0/context.go:185
github.com/flipped-aurora/gin-vue-admin/server/router/promotion.(*RegionRouter).InitRegionRouter.OperationRecord.func1
	/Users/wangjingjun/work/promotion/server/middleware/operation.go:93
github.com/gin-gonic/gin.(*Context).Next
	/Users/wangjingjun/go/pkg/mod/github.com/gin-gonic/gin@v1.10.0/context.go:185
github.com/flipped-aurora/gin-vue-admin/server/initialize.Routers.CasbinHandler.func6
	/Users/wangjingjun/work/promotion/server/middleware/casbin_rbac.go:30
github.com/gin-gonic/gin.(*Context).Next
	/Users/wangjingjun/go/pkg/mod/github.com/gin-gonic/gin@v1.10.0/context.go:185
github.com/flipped-aurora/gin-vue-admin/server/initialize.Routers.JWTAuth.func5
	/Users/wangjingjun/work/promotion/server/middleware/jwt.go:69
github.com/gin-gonic/gin.(*Context).Next
	/Users/wangjingjun/go/pkg/mod/github.com/gin-gonic/gin@v1.10.0/context.go:185
github.com/gin-gonic/gin.LoggerWithConfig.func1
	/Users/wangjingjun/go/pkg/mod/github.com/gin-gonic/gin@v1.10.0/logger.go:249
github.com/gin-gonic/gin.(*Context).Next
	/Users/wangjingjun/go/pkg/mod/github.com/gin-gonic/gin@v1.10.0/context.go:185
github.com/flipped-aurora/gin-vue-admin/server/initialize.Routers.GinRecovery.func4
	/Users/wangjingjun/work/promotion/server/middleware/error.go:78
github.com/gin-gonic/gin.(*Context).Next
	/Users/wangjingjun/go/pkg/mod/github.com/gin-gonic/gin@v1.10.0/context.go:185
github.com/gin-gonic/gin.(*Engine).handleHTTPRequest
	/Users/wangjingjun/go/pkg/mod/github.com/gin-gonic/gin@v1.10.0/gin.go:633
github.com/gin-gonic/gin.(*Engine).ServeHTTP
	/Users/wangjingjun/go/pkg/mod/github.com/gin-gonic/gin@v1.10.0/gin.go:589
net/http.serverHandler.ServeHTTP
	/Users/wangjingjun/go/pkg/mod/golang.org/toolchain@v0.0.1-go1.24.2.darwin-arm64/src/net/http/server.go:3301
net/http.(*conn).serve
	/Users/wangjingjun/go/pkg/mod/golang.org/toolchain@v0.0.1-go1.24.2.darwin-arm64/src/net/http/server.go:2102
[github.com/flipped-aurora/gin-vue-admin/server]2026-03-22 15:19:46.269	[31merror[0m	/Users/wangjingjun/work/promotion/server/api/v1/promotion/link.go:215	save failed	{"error": "Error 1406 (22001): Data too long for column 'color_copyright' at row 1"}
github.com/flipped-aurora/gin-vue-admin/server/api/v1/promotion.(*LinkApi).UpsertTheme
	/Users/wangjingjun/work/promotion/server/api/v1/promotion/link.go:215
github.com/gin-gonic/gin.(*Context).Next
	/Users/wangjingjun/go/pkg/mod/github.com/gin-gonic/gin@v1.10.0/context.go:185
github.com/flipped-aurora/gin-vue-admin/server/router/promotion.(*RegionRouter).InitRegionRouter.OperationRecord.func1
	/Users/wangjingjun/work/promotion/server/middleware/operation.go:93
github.com/gin-gonic/gin.(*Context).Next
	/Users/wangjingjun/go/pkg/mod/github.com/gin-gonic/gin@v1.10.0/context.go:185
github.com/flipped-aurora/gin-vue-admin/server/initialize.Routers.CasbinHandler.func6
	/Users/wangjingjun/work/promotion/server/middleware/casbin_rbac.go:30
github.com/gin-gonic/gin.(*Context).Next
	/Users/wangjingjun/go/pkg/mod/github.com/gin-gonic/gin@v1.10.0/context.go:185
github.com/flipped-aurora/gin-vue-admin/server/initialize.Routers.JWTAuth.func5
	/Users/wangjingjun/work/promotion/server/middleware/jwt.go:69
github.com/gin-gonic/gin.(*Context).Next
	/Users/wangjingjun/go/pkg/mod/github.com/gin-gonic/gin@v1.10.0/context.go:185
github.com/gin-gonic/gin.LoggerWithConfig.func1
	/Users/wangjingjun/go/pkg/mod/github.com/gin-gonic/gin@v1.10.0/logger.go:249
github.com/gin-gonic/gin.(*Context).Next
	/Users/wangjingjun/go/pkg/mod/github.com/gin-gonic/gin@v1.10.0/context.go:185
github.com/flipped-aurora/gin-vue-admin/server/initialize.Routers.GinRecovery.func4
	/Users/wangjingjun/work/promotion/server/middleware/error.go:78
github.com/gin-gonic/gin.(*Context).Next
	/Users/wangjingjun/go/pkg/mod/github.com/gin-gonic/gin@v1.10.0/context.go:185
github.com/gin-gonic/gin.(*Engine).handleHTTPRequest
	/Users/wangjingjun/go/pkg/mod/github.com/gin-gonic/gin@v1.10.0/gin.go:633
github.com/gin-gonic/gin.(*Engine).ServeHTTP
	/Users/wangjingjun/go/pkg/mod/github.com/gin-gonic/gin@v1.10.0/gin.go:589
net/http.serverHandler.ServeHTTP
	/Users/wangjingjun/go/pkg/mod/golang.org/toolchain@v0.0.1-go1.24.2.darwin-arm64/src/net/http/server.go:3301
net/http.(*conn).serve
	/Users/wangjingjun/go/pkg/mod/golang.org/toolchain@v0.0.1-go1.24.2.darwin-arm64/src/net/http/server.go:2102
