[github.com/flipped-aurora/gin-vue-admin/server]2026-03-21 00:32:22.583	[31merror[0m	/Users/wangjingjun/work/promotion/server/api/v1/promotion/link.go:23	create failed	{"error": "Error 3140 (22032): Invalid JSON text: \"The document is empty.\" at position 0 in value for column 'promotion_link.tags_json'."}
github.com/flipped-aurora/gin-vue-admin/server/api/v1/promotion.(*LinkApi).CreatePromotionLink
	/Users/wangjingjun/work/promotion/server/api/v1/promotion/link.go:23
github.com/gin-gonic/gin.(*Context).Next
	/Users/wangjingjun/go/pkg/mod/github.com/gin-gonic/gin@v1.10.0/context.go:185
github.com/flipped-aurora/gin-vue-admin/server/router/promotion.(*RegionRouter).InitRegionRouter.OperationRecord.func1
	/Users/wangjingjun/work/promotion/server/middleware/operation.go:93
github.com/gin-gonic/gin.(*Context).Next
	/Users/wangjingjun/go/pkg/mod/github.com/gin-gonic/gin@v1.10.0/context.go:185
github.com/flipped-aurora/gin-vue-admin/server/initialize.Routers.CasbinHandler.func6
	/Users/wangjingjun/work/promotion/server/middleware/casbin_rbac.go:30
github.com/gin-gonic/gin.(*Context).Next
	/Users/wangjingjun/go/pkg/mod/github.com/gin-gonic/gin@v1.10.0/context.go:185
github.com/flipped-aurora/gin-vue-admin/server/initialize.Routers.JWTAuth.func5
	/Users/wangjingjun/work/promotion/server/middleware/jwt.go:69
github.com/gin-gonic/gin.(*Context).Next
	/Users/wangjingjun/go/pkg/mod/github.com/gin-gonic/gin@v1.10.0/context.go:185
github.com/gin-gonic/gin.LoggerWithConfig.func1
	/Users/wangjingjun/go/pkg/mod/github.com/gin-gonic/gin@v1.10.0/logger.go:249
github.com/gin-gonic/gin.(*Context).Next
	/Users/wangjingjun/go/pkg/mod/github.com/gin-gonic/gin@v1.10.0/context.go:185
github.com/flipped-aurora/gin-vue-admin/server/initialize.Routers.GinRecovery.func4
	/Users/wangjingjun/work/promotion/server/middleware/error.go:78
github.com/gin-gonic/gin.(*Context).Next
	/Users/wangjingjun/go/pkg/mod/github.com/gin-gonic/gin@v1.10.0/context.go:185
github.com/gin-gonic/gin.(*Engine).handleHTTPRequest
	/Users/wangjingjun/go/pkg/mod/github.com/gin-gonic/gin@v1.10.0/gin.go:633
github.com/gin-gonic/gin.(*Engine).ServeHTTP
	/Users/wangjingjun/go/pkg/mod/github.com/gin-gonic/gin@v1.10.0/gin.go:589
net/http.serverHandler.ServeHTTP
	/Users/wangjingjun/go/pkg/mod/golang.org/toolchain@v0.0.1-go1.25.8.darwin-arm64/src/net/http/server.go:3340
net/http.(*conn).serve
	/Users/wangjingjun/go/pkg/mod/golang.org/toolchain@v0.0.1-go1.25.8.darwin-arm64/src/net/http/server.go:2109
[github.com/flipped-aurora/gin-vue-admin/server]2026-03-21 09:50:24.586	[31merror[0m	/Users/wangjingjun/work/promotion/server/api/v1/promotion/link.go:23	create failed	{"error": "Error 1054 (42S22): Unknown column 'code' in 'field list'"}
github.com/flipped-aurora/gin-vue-admin/server/api/v1/promotion.(*LinkApi).CreatePromotionLink
	/Users/wangjingjun/work/promotion/server/api/v1/promotion/link.go:23
github.com/gin-gonic/gin.(*Context).Next
	/Users/wangjingjun/go/pkg/mod/github.com/gin-gonic/gin@v1.10.0/context.go:185
github.com/flipped-aurora/gin-vue-admin/server/router/promotion.(*RegionRouter).InitRegionRouter.OperationRecord.func1
	/Users/wangjingjun/work/promotion/server/middleware/operation.go:93
github.com/gin-gonic/gin.(*Context).Next
	/Users/wangjingjun/go/pkg/mod/github.com/gin-gonic/gin@v1.10.0/context.go:185
github.com/flipped-aurora/gin-vue-admin/server/initialize.Routers.CasbinHandler.func6
	/Users/wangjingjun/work/promotion/server/middleware/casbin_rbac.go:30
github.com/gin-gonic/gin.(*Context).Next
	/Users/wangjingjun/go/pkg/mod/github.com/gin-gonic/gin@v1.10.0/context.go:185
github.com/flipped-aurora/gin-vue-admin/server/initialize.Routers.JWTAuth.func5
	/Users/wangjingjun/work/promotion/server/middleware/jwt.go:69
github.com/gin-gonic/gin.(*Context).Next
	/Users/wangjingjun/go/pkg/mod/github.com/gin-gonic/gin@v1.10.0/context.go:185
github.com/gin-gonic/gin.LoggerWithConfig.func1
	/Users/wangjingjun/go/pkg/mod/github.com/gin-gonic/gin@v1.10.0/logger.go:249
github.com/gin-gonic/gin.(*Context).Next
	/Users/wangjingjun/go/pkg/mod/github.com/gin-gonic/gin@v1.10.0/context.go:185
github.com/flipped-aurora/gin-vue-admin/server/initialize.Routers.GinRecovery.func4
	/Users/wangjingjun/work/promotion/server/middleware/error.go:78
github.com/gin-gonic/gin.(*Context).Next
	/Users/wangjingjun/go/pkg/mod/github.com/gin-gonic/gin@v1.10.0/context.go:185
github.com/gin-gonic/gin.(*Engine).handleHTTPRequest
	/Users/wangjingjun/go/pkg/mod/github.com/gin-gonic/gin@v1.10.0/gin.go:633
github.com/gin-gonic/gin.(*Engine).ServeHTTP
	/Users/wangjingjun/go/pkg/mod/github.com/gin-gonic/gin@v1.10.0/gin.go:589
net/http.serverHandler.ServeHTTP
	/Users/wangjingjun/go/pkg/mod/golang.org/toolchain@v0.0.1-go1.25.8.darwin-arm64/src/net/http/server.go:3340
net/http.(*conn).serve
	/Users/wangjingjun/go/pkg/mod/golang.org/toolchain@v0.0.1-go1.25.8.darwin-arm64/src/net/http/server.go:2109
[github.com/flipped-aurora/gin-vue-admin/server]2026-03-21 09:50:57.045	[31merror[0m	/Users/wangjingjun/work/promotion/server/api/v1/promotion/link.go:23	create failed	{"error": "Error 1054 (42S22): Unknown column 'code' in 'field list'"}
github.com/flipped-aurora/gin-vue-admin/server/api/v1/promotion.(*LinkApi).CreatePromotionLink
	/Users/wangjingjun/work/promotion/server/api/v1/promotion/link.go:23
github.com/gin-gonic/gin.(*Context).Next
	/Users/wangjingjun/go/pkg/mod/github.com/gin-gonic/gin@v1.10.0/context.go:185
github.com/flipped-aurora/gin-vue-admin/server/router/promotion.(*RegionRouter).InitRegionRouter.OperationRecord.func1
	/Users/wangjingjun/work/promotion/server/middleware/operation.go:93
github.com/gin-gonic/gin.(*Context).Next
	/Users/wangjingjun/go/pkg/mod/github.com/gin-gonic/gin@v1.10.0/context.go:185
github.com/flipped-aurora/gin-vue-admin/server/initialize.Routers.CasbinHandler.func6
	/Users/wangjingjun/work/promotion/server/middleware/casbin_rbac.go:30
github.com/gin-gonic/gin.(*Context).Next
	/Users/wangjingjun/go/pkg/mod/github.com/gin-gonic/gin@v1.10.0/context.go:185
github.com/flipped-aurora/gin-vue-admin/server/initialize.Routers.JWTAuth.func5
	/Users/wangjingjun/work/promotion/server/middleware/jwt.go:69
github.com/gin-gonic/gin.(*Context).Next
	/Users/wangjingjun/go/pkg/mod/github.com/gin-gonic/gin@v1.10.0/context.go:185
github.com/gin-gonic/gin.LoggerWithConfig.func1
	/Users/wangjingjun/go/pkg/mod/github.com/gin-gonic/gin@v1.10.0/logger.go:249
github.com/gin-gonic/gin.(*Context).Next
	/Users/wangjingjun/go/pkg/mod/github.com/gin-gonic/gin@v1.10.0/context.go:185
github.com/flipped-aurora/gin-vue-admin/server/initialize.Routers.GinRecovery.func4
	/Users/wangjingjun/work/promotion/server/middleware/error.go:78
github.com/gin-gonic/gin.(*Context).Next
	/Users/wangjingjun/go/pkg/mod/github.com/gin-gonic/gin@v1.10.0/context.go:185
github.com/gin-gonic/gin.(*Engine).handleHTTPRequest
	/Users/wangjingjun/go/pkg/mod/github.com/gin-gonic/gin@v1.10.0/gin.go:633
github.com/gin-gonic/gin.(*Engine).ServeHTTP
	/Users/wangjingjun/go/pkg/mod/github.com/gin-gonic/gin@v1.10.0/gin.go:589
net/http.serverHandler.ServeHTTP
	/Users/wangjingjun/go/pkg/mod/golang.org/toolchain@v0.0.1-go1.25.8.darwin-arm64/src/net/http/server.go:3340
net/http.(*conn).serve
	/Users/wangjingjun/go/pkg/mod/golang.org/toolchain@v0.0.1-go1.25.8.darwin-arm64/src/net/http/server.go:2109
[github.com/flipped-aurora/gin-vue-admin/server]2026-03-21 09:53:17.547	[31merror[0m	/Users/wangjingjun/work/promotion/server/api/v1/promotion/link.go:23	create failed	{"error": "Error 3140 (22032): Invalid JSON text: \"The document is empty.\" at position 0 in value for column 'promotion_link.tags_json'."}
github.com/flipped-aurora/gin-vue-admin/server/api/v1/promotion.(*LinkApi).CreatePromotionLink
	/Users/wangjingjun/work/promotion/server/api/v1/promotion/link.go:23
github.com/gin-gonic/gin.(*Context).Next
	/Users/wangjingjun/go/pkg/mod/github.com/gin-gonic/gin@v1.10.0/context.go:185
github.com/flipped-aurora/gin-vue-admin/server/router/promotion.(*RegionRouter).InitRegionRouter.OperationRecord.func1
	/Users/wangjingjun/work/promotion/server/middleware/operation.go:93
github.com/gin-gonic/gin.(*Context).Next
	/Users/wangjingjun/go/pkg/mod/github.com/gin-gonic/gin@v1.10.0/context.go:185
github.com/flipped-aurora/gin-vue-admin/server/initialize.Routers.CasbinHandler.func6
	/Users/wangjingjun/work/promotion/server/middleware/casbin_rbac.go:30
github.com/gin-gonic/gin.(*Context).Next
	/Users/wangjingjun/go/pkg/mod/github.com/gin-gonic/gin@v1.10.0/context.go:185
github.com/flipped-aurora/gin-vue-admin/server/initialize.Routers.JWTAuth.func5
	/Users/wangjingjun/work/promotion/server/middleware/jwt.go:69
github.com/gin-gonic/gin.(*Context).Next
	/Users/wangjingjun/go/pkg/mod/github.com/gin-gonic/gin@v1.10.0/context.go:185
github.com/gin-gonic/gin.LoggerWithConfig.func1
	/Users/wangjingjun/go/pkg/mod/github.com/gin-gonic/gin@v1.10.0/logger.go:249
github.com/gin-gonic/gin.(*Context).Next
	/Users/wangjingjun/go/pkg/mod/github.com/gin-gonic/gin@v1.10.0/context.go:185
github.com/flipped-aurora/gin-vue-admin/server/initialize.Routers.GinRecovery.func4
	/Users/wangjingjun/work/promotion/server/middleware/error.go:78
github.com/gin-gonic/gin.(*Context).Next
	/Users/wangjingjun/go/pkg/mod/github.com/gin-gonic/gin@v1.10.0/context.go:185
github.com/gin-gonic/gin.(*Engine).handleHTTPRequest
	/Users/wangjingjun/go/pkg/mod/github.com/gin-gonic/gin@v1.10.0/gin.go:633
github.com/gin-gonic/gin.(*Engine).ServeHTTP
	/Users/wangjingjun/go/pkg/mod/github.com/gin-gonic/gin@v1.10.0/gin.go:589
net/http.serverHandler.ServeHTTP
	/Users/wangjingjun/go/pkg/mod/golang.org/toolchain@v0.0.1-go1.25.8.darwin-arm64/src/net/http/server.go:3340
net/http.(*conn).serve
	/Users/wangjingjun/go/pkg/mod/golang.org/toolchain@v0.0.1-go1.25.8.darwin-arm64/src/net/http/server.go:2109
