[github.com/flipped-aurora/gin-vue-admin/server]2026-03-21 00:01:01.985	[31mfatal[0m	/Users/wangjingjun/work/promotion/server/core/server_run.go:56	WEB服务关闭异常	{"error": "context deadline exceeded"}
github.com/flipped-aurora/gin-vue-admin/server/core.initServer
	/Users/wangjingjun/work/promotion/server/core/server_run.go:56
github.com/flipped-aurora/gin-vue-admin/server/core.RunServer
	/Users/wangjingjun/work/promotion/server/core/server.go:53
main.main
	/Users/wangjingjun/work/promotion/server/main.go:34
runtime.main
	/Users/wangjingjun/go/pkg/mod/golang.org/toolchain@v0.0.1-go1.25.8.darwin-arm64/src/runtime/proc.go:285
[github.com/flipped-aurora/gin-vue-admin/server]2026-03-21 09:52:39.676	[31mfatal[0m	/Users/wangjingjun/work/promotion/server/core/server_run.go:56	WEB服务关闭异常	{"error": "context deadline exceeded"}
github.com/flipped-aurora/gin-vue-admin/server/core.initServer
	/Users/wangjingjun/work/promotion/server/core/server_run.go:56
github.com/flipped-aurora/gin-vue-admin/server/core.RunServer
	/Users/wangjingjun/work/promotion/server/core/server.go:53
main.main
	/Users/wangjingjun/work/promotion/server/main.go:34
runtime.main
	/Users/wangjingjun/go/pkg/mod/golang.org/toolchain@v0.0.1-go1.25.8.darwin-arm64/src/runtime/proc.go:285
[github.com/flipped-aurora/gin-vue-admin/server]2026-03-21 10:02:14.558	[31mfatal[0m	/Users/wangjingjun/work/promotion/server/core/server_run.go:56	WEB服务关闭异常	{"error": "context deadline exceeded"}
github.com/flipped-aurora/gin-vue-admin/server/core.initServer
	/Users/wangjingjun/work/promotion/server/core/server_run.go:56
github.com/flipped-aurora/gin-vue-admin/server/core.RunServer
	/Users/wangjingjun/work/promotion/server/core/server.go:53
main.main
	/Users/wangjingjun/work/promotion/server/main.go:34
runtime.main
	/Users/wangjingjun/go/pkg/mod/golang.org/toolchain@v0.0.1-go1.25.8.darwin-arm64/src/runtime/proc.go:285
[github.com/flipped-aurora/gin-vue-admin/server]2026-03-21 20:40:09.851	[31mfatal[0m	/Users/wangjingjun/work/promotion/server/core/server_run.go:56	WEB服务关闭异常	{"error": "context deadline exceeded"}
github.com/flipped-aurora/gin-vue-admin/server/core.initServer
	/Users/wangjingjun/work/promotion/server/core/server_run.go:56
github.com/flipped-aurora/gin-vue-admin/server/core.RunServer
	/Users/wangjingjun/work/promotion/server/core/server.go:53
main.main
	/Users/wangjingjun/work/promotion/server/main.go:34
runtime.main
	/Users/wangjingjun/go/pkg/mod/golang.org/toolchain@v0.0.1-go1.25.8.darwin-arm64/src/runtime/proc.go:285
