[github.com/flipped-aurora/gin-vue-admin/server]2026-03-21 00:00:56.980	[34minfo[0m	/Users/wangjingjun/work/promotion/server/core/server_run.go:48	关闭WEB服务...
[github.com/flipped-aurora/gin-vue-admin/server]2026-03-21 00:01:12.357	[34minfo[0m	/Users/wangjingjun/work/promotion/server/initialize/gorm.go:86	register table success
[github.com/flipped-aurora/gin-vue-admin/server]2026-03-21 00:01:12.358	[34minfo[0m	/Users/wangjingjun/work/promotion/server/initialize/router.go:75	register swagger handler
[github.com/flipped-aurora/gin-vue-admin/server]2026-03-21 00:01:12.369	[34minfo[0m	/Users/wangjingjun/work/promotion/server/initialize/router.go:129	router register success
[github.com/flipped-aurora/gin-vue-admin/server]2026-03-21 09:52:34.673	[34minfo[0m	/Users/wangjingjun/work/promotion/server/core/server_run.go:48	关闭WEB服务...
[github.com/flipped-aurora/gin-vue-admin/server]2026-03-21 09:52:47.361	[34minfo[0m	/Users/wangjingjun/work/promotion/server/initialize/gorm.go:86	register table success
[github.com/flipped-aurora/gin-vue-admin/server]2026-03-21 09:52:47.362	[34minfo[0m	/Users/wangjingjun/work/promotion/server/initialize/router.go:75	register swagger handler
[github.com/flipped-aurora/gin-vue-admin/server]2026-03-21 09:52:47.372	[34minfo[0m	/Users/wangjingjun/work/promotion/server/initialize/router.go:129	router register success
[github.com/flipped-aurora/gin-vue-admin/server]2026-03-21 10:02:09.556	[34minfo[0m	/Users/wangjingjun/work/promotion/server/core/server_run.go:48	关闭WEB服务...
[github.com/flipped-aurora/gin-vue-admin/server]2026-03-21 10:02:21.674	[34minfo[0m	/Users/wangjingjun/work/promotion/server/initialize/gorm.go:86	register table success
[github.com/flipped-aurora/gin-vue-admin/server]2026-03-21 10:02:21.675	[34minfo[0m	/Users/wangjingjun/work/promotion/server/initialize/router.go:75	register swagger handler
[github.com/flipped-aurora/gin-vue-admin/server]2026-03-21 10:02:21.687	[34minfo[0m	/Users/wangjingjun/work/promotion/server/initialize/router.go:129	router register success
[github.com/flipped-aurora/gin-vue-admin/server]2026-03-21 10:33:47.100	[34minfo[0m	/Users/wangjingjun/work/promotion/server/initialize/gorm.go:86	register table success
[github.com/flipped-aurora/gin-vue-admin/server]2026-03-21 10:33:47.101	[34minfo[0m	/Users/wangjingjun/work/promotion/server/initialize/router.go:75	register swagger handler
[github.com/flipped-aurora/gin-vue-admin/server]2026-03-21 10:33:47.160	[34minfo[0m	/Users/wangjingjun/work/promotion/server/initialize/router.go:129	router register success
[github.com/flipped-aurora/gin-vue-admin/server]2026-03-21 19:25:11.464	[34minfo[0m	/Users/wangjingjun/work/promotion/server/initialize/gorm.go:86	register table success
[github.com/flipped-aurora/gin-vue-admin/server]2026-03-21 19:25:11.466	[34minfo[0m	/Users/wangjingjun/work/promotion/server/initialize/router.go:75	register swagger handler
[github.com/flipped-aurora/gin-vue-admin/server]2026-03-21 19:25:11.515	[34minfo[0m	/Users/wangjingjun/work/promotion/server/initialize/router.go:129	router register success
[github.com/flipped-aurora/gin-vue-admin/server]2026-03-21 20:40:04.843	[34minfo[0m	/Users/wangjingjun/work/promotion/server/core/server_run.go:48	关闭WEB服务...
[github.com/flipped-aurora/gin-vue-admin/server]2026-03-21 20:55:45.542	[34minfo[0m	/Users/wangjingjun/work/promotion/server/initialize/gorm.go:86	register table success
[github.com/flipped-aurora/gin-vue-admin/server]2026-03-21 20:55:45.543	[34minfo[0m	/Users/wangjingjun/work/promotion/server/initialize/router.go:75	register swagger handler
[github.com/flipped-aurora/gin-vue-admin/server]2026-03-21 20:55:45.560	[34minfo[0m	/Users/wangjingjun/work/promotion/server/initialize/router.go:129	router register success
[github.com/flipped-aurora/gin-vue-admin/server]2026-03-21 22:42:09.622	[34minfo[0m	/Users/wangjingjun/work/promotion/server/initialize/gorm.go:86	register table success
[github.com/flipped-aurora/gin-vue-admin/server]2026-03-21 22:42:09.623	[34minfo[0m	/Users/wangjingjun/work/promotion/server/initialize/router.go:75	register swagger handler
[github.com/flipped-aurora/gin-vue-admin/server]2026-03-21 22:42:09.631	[34minfo[0m	/Users/wangjingjun/work/promotion/server/initialize/router.go:129	router register success
[github.com/flipped-aurora/gin-vue-admin/server]2026-03-21 23:25:23.976	[34minfo[0m	/Users/wangjingjun/work/promotion/server/core/server_run.go:48	关闭WEB服务...
[github.com/flipped-aurora/gin-vue-admin/server]2026-03-21 23:25:23.985	[34minfo[0m	/Users/wangjingjun/work/promotion/server/core/server_run.go:59	WEB服务已关闭
[github.com/flipped-aurora/gin-vue-admin/server]2026-03-21 23:25:32.627	[34minfo[0m	/Users/wangjingjun/work/promotion/server/initialize/gorm.go:86	register table success
[github.com/flipped-aurora/gin-vue-admin/server]2026-03-21 23:25:32.630	[34minfo[0m	/Users/wangjingjun/work/promotion/server/initialize/router.go:75	register swagger handler
[github.com/flipped-aurora/gin-vue-admin/server]2026-03-21 23:25:32.643	[34minfo[0m	/Users/wangjingjun/work/promotion/server/initialize/router.go:129	router register success
