[github.com/flipped-aurora/gin-vue-admin/server]2026-03-25 22:36:34.503	[31mfatal[0m	/Users/wangjingjun/work/promotion/server/core/server_run.go:56	WEB服务关闭异常	{"error": "context deadline exceeded"}
github.com/flipped-aurora/gin-vue-admin/server/core.initServer
	/Users/wangjingjun/work/promotion/server/core/server_run.go:56
github.com/flipped-aurora/gin-vue-admin/server/core.RunServer
	/Users/wangjingjun/work/promotion/server/core/server.go:53
main.main
	/Users/wangjingjun/work/promotion/server/main.go:34
runtime.main
	/Users/wangjingjun/go/pkg/mod/golang.org/toolchain@v0.0.1-go1.25.8.darwin-arm64/src/runtime/proc.go:285
[github.com/flipped-aurora/gin-vue-admin/server]2026-03-25 23:00:35.007	[31mfatal[0m	/Users/wangjingjun/work/promotion/server/core/server_run.go:56	WEB服务关闭异常	{"error": "context deadline exceeded"}
github.com/flipped-aurora/gin-vue-admin/server/core.initServer
	/Users/wangjingjun/work/promotion/server/core/server_run.go:56
github.com/flipped-aurora/gin-vue-admin/server/core.RunServer
	/Users/wangjingjun/work/promotion/server/core/server.go:53
main.main
	/Users/wangjingjun/work/promotion/server/main.go:34
runtime.main
	/Users/wangjingjun/go/pkg/mod/golang.org/toolchain@v0.0.1-go1.25.8.darwin-arm64/src/runtime/proc.go:285
[github.com/flipped-aurora/gin-vue-admin/server]2026-03-25 23:23:34.473	[31mfatal[0m	/Users/wangjingjun/work/promotion/server/core/server_run.go:56	WEB服务关闭异常	{"error": "context deadline exceeded"}
github.com/flipped-aurora/gin-vue-admin/server/core.initServer
	/Users/wangjingjun/work/promotion/server/core/server_run.go:56
github.com/flipped-aurora/gin-vue-admin/server/core.RunServer
	/Users/wangjingjun/work/promotion/server/core/server.go:53
main.main
	/Users/wangjingjun/work/promotion/server/main.go:34
runtime.main
	/Users/wangjingjun/go/pkg/mod/golang.org/toolchain@v0.0.1-go1.25.8.darwin-arm64/src/runtime/proc.go:285
[github.com/flipped-aurora/gin-vue-admin/server]2026-03-25 23:28:03.797	[31mfatal[0m	/Users/wangjingjun/work/promotion/server/core/server_run.go:56	WEB服务关闭异常	{"error": "context deadline exceeded"}
github.com/flipped-aurora/gin-vue-admin/server/core.initServer
	/Users/wangjingjun/work/promotion/server/core/server_run.go:56
github.com/flipped-aurora/gin-vue-admin/server/core.RunServer
	/Users/wangjingjun/work/promotion/server/core/server.go:53
main.main
	/Users/wangjingjun/work/promotion/server/main.go:34
runtime.main
	/Users/wangjingjun/go/pkg/mod/golang.org/toolchain@v0.0.1-go1.25.8.darwin-arm64/src/runtime/proc.go:285
[github.com/flipped-aurora/gin-vue-admin/server]2026-03-25 23:31:00.701	[31mfatal[0m	/Users/wangjingjun/work/promotion/server/core/server_run.go:56	WEB服务关闭异常	{"error": "context deadline exceeded"}
github.com/flipped-aurora/gin-vue-admin/server/core.initServer
	/Users/wangjingjun/work/promotion/server/core/server_run.go:56
github.com/flipped-aurora/gin-vue-admin/server/core.RunServer
	/Users/wangjingjun/work/promotion/server/core/server.go:53
main.main
	/Users/wangjingjun/work/promotion/server/main.go:34
runtime.main
	/Users/wangjingjun/go/pkg/mod/golang.org/toolchain@v0.0.1-go1.25.8.darwin-arm64/src/runtime/proc.go:285
