[github.com/flipped-aurora/gin-vue-admin/server]2026-03-20 09:52:02.253	[31merror[0m	/Users/wangjingjun/work/promotion/server/core/server_run.go:36	server启动失败	{"error": "listen tcp :8888: bind: address already in use"}
github.com/flipped-aurora/gin-vue-admin/server/core.initServer.func1
	/Users/wangjingjun/work/promotion/server/core/server_run.go:36
[github.com/flipped-aurora/gin-vue-admin/server]2026-03-20 09:59:28.467	[31merror[0m	/Users/wangjingjun/work/promotion/server/api/v1/system/sys_menu.go:145	添加失败!	{"error": "存在重复name，请修改name"}
github.com/flipped-aurora/gin-vue-admin/server/api/v1/system.(*AuthorityMenuApi).AddBaseMenu
	/Users/wangjingjun/work/promotion/server/api/v1/system/sys_menu.go:145
github.com/gin-gonic/gin.(*Context).Next
	/Users/wangjingjun/go/pkg/mod/github.com/gin-gonic/gin@v1.10.0/context.go:185
github.com/flipped-aurora/gin-vue-admin/server/router/system.(*MenuRouter).InitMenuRouter.OperationRecord.func1
	/Users/wangjingjun/work/promotion/server/middleware/operation.go:93
github.com/gin-gonic/gin.(*Context).Next
	/Users/wangjingjun/go/pkg/mod/github.com/gin-gonic/gin@v1.10.0/context.go:185
github.com/flipped-aurora/gin-vue-admin/server/initialize.Routers.CasbinHandler.func6
	/Users/wangjingjun/work/promotion/server/middleware/casbin_rbac.go:30
github.com/gin-gonic/gin.(*Context).Next
	/Users/wangjingjun/go/pkg/mod/github.com/gin-gonic/gin@v1.10.0/context.go:185
github.com/flipped-aurora/gin-vue-admin/server/initialize.Routers.JWTAuth.func5
	/Users/wangjingjun/work/promotion/server/middleware/jwt.go:69
github.com/gin-gonic/gin.(*Context).Next
	/Users/wangjingjun/go/pkg/mod/github.com/gin-gonic/gin@v1.10.0/context.go:185
github.com/gin-gonic/gin.LoggerWithConfig.func1
	/Users/wangjingjun/go/pkg/mod/github.com/gin-gonic/gin@v1.10.0/logger.go:249
github.com/gin-gonic/gin.(*Context).Next
	/Users/wangjingjun/go/pkg/mod/github.com/gin-gonic/gin@v1.10.0/context.go:185
github.com/flipped-aurora/gin-vue-admin/server/initialize.Routers.GinRecovery.func4
	/Users/wangjingjun/work/promotion/server/middleware/error.go:78
github.com/gin-gonic/gin.(*Context).Next
	/Users/wangjingjun/go/pkg/mod/github.com/gin-gonic/gin@v1.10.0/context.go:185
github.com/gin-gonic/gin.(*Engine).handleHTTPRequest
	/Users/wangjingjun/go/pkg/mod/github.com/gin-gonic/gin@v1.10.0/gin.go:633
github.com/gin-gonic/gin.(*Engine).ServeHTTP
	/Users/wangjingjun/go/pkg/mod/github.com/gin-gonic/gin@v1.10.0/gin.go:589
net/http.serverHandler.ServeHTTP
	/Users/wangjingjun/go/pkg/mod/golang.org/toolchain@v0.0.1-go1.24.2.darwin-arm64/src/net/http/server.go:3301
net/http.(*conn).serve
	/Users/wangjingjun/go/pkg/mod/golang.org/toolchain@v0.0.1-go1.24.2.darwin-arm64/src/net/http/server.go:2102
[github.com/flipped-aurora/gin-vue-admin/server]2026-03-20 10:09:16.216	[31merror[0m	/Users/wangjingjun/work/promotion/server/api/v1/system/sys_menu.go:145	添加失败!	{"error": "存在重复name，请修改name"}
github.com/flipped-aurora/gin-vue-admin/server/api/v1/system.(*AuthorityMenuApi).AddBaseMenu
	/Users/wangjingjun/work/promotion/server/api/v1/system/sys_menu.go:145
github.com/gin-gonic/gin.(*Context).Next
	/Users/wangjingjun/go/pkg/mod/github.com/gin-gonic/gin@v1.10.0/context.go:185
github.com/flipped-aurora/gin-vue-admin/server/router/system.(*MenuRouter).InitMenuRouter.OperationRecord.func1
	/Users/wangjingjun/work/promotion/server/middleware/operation.go:93
github.com/gin-gonic/gin.(*Context).Next
	/Users/wangjingjun/go/pkg/mod/github.com/gin-gonic/gin@v1.10.0/context.go:185
github.com/flipped-aurora/gin-vue-admin/server/initialize.Routers.CasbinHandler.func6
	/Users/wangjingjun/work/promotion/server/middleware/casbin_rbac.go:30
github.com/gin-gonic/gin.(*Context).Next
	/Users/wangjingjun/go/pkg/mod/github.com/gin-gonic/gin@v1.10.0/context.go:185
github.com/flipped-aurora/gin-vue-admin/server/initialize.Routers.JWTAuth.func5
	/Users/wangjingjun/work/promotion/server/middleware/jwt.go:69
github.com/gin-gonic/gin.(*Context).Next
	/Users/wangjingjun/go/pkg/mod/github.com/gin-gonic/gin@v1.10.0/context.go:185
github.com/gin-gonic/gin.LoggerWithConfig.func1
	/Users/wangjingjun/go/pkg/mod/github.com/gin-gonic/gin@v1.10.0/logger.go:249
github.com/gin-gonic/gin.(*Context).Next
	/Users/wangjingjun/go/pkg/mod/github.com/gin-gonic/gin@v1.10.0/context.go:185
github.com/flipped-aurora/gin-vue-admin/server/initialize.Routers.GinRecovery.func4
	/Users/wangjingjun/work/promotion/server/middleware/error.go:78
github.com/gin-gonic/gin.(*Context).Next
	/Users/wangjingjun/go/pkg/mod/github.com/gin-gonic/gin@v1.10.0/context.go:185
github.com/gin-gonic/gin.(*Engine).handleHTTPRequest
	/Users/wangjingjun/go/pkg/mod/github.com/gin-gonic/gin@v1.10.0/gin.go:633
github.com/gin-gonic/gin.(*Engine).ServeHTTP
	/Users/wangjingjun/go/pkg/mod/github.com/gin-gonic/gin@v1.10.0/gin.go:589
net/http.serverHandler.ServeHTTP
	/Users/wangjingjun/go/pkg/mod/golang.org/toolchain@v0.0.1-go1.24.2.darwin-arm64/src/net/http/server.go:3301
net/http.(*conn).serve
	/Users/wangjingjun/go/pkg/mod/golang.org/toolchain@v0.0.1-go1.24.2.darwin-arm64/src/net/http/server.go:2102
[github.com/flipped-aurora/gin-vue-admin/server]2026-03-20 23:55:31.399	[31merror[0m	/Users/wangjingjun/work/promotion/server/service/system/sys_system.go:49	func utils.InitCPU() Failed	{"err": "not implemented yet"}
github.com/flipped-aurora/gin-vue-admin/server/service/system.(*SystemConfigService).GetServerInfo
	/Users/wangjingjun/work/promotion/server/service/system/sys_system.go:49
github.com/flipped-aurora/gin-vue-admin/server/api/v1/system.(*SystemApi).GetServerInfo
	/Users/wangjingjun/work/promotion/server/api/v1/system/sys_system.go:82
github.com/gin-gonic/gin.(*Context).Next
	/Users/wangjingjun/go/pkg/mod/github.com/gin-gonic/gin@v1.10.0/context.go:185
github.com/flipped-aurora/gin-vue-admin/server/initialize.Routers.CasbinHandler.func6
	/Users/wangjingjun/work/promotion/server/middleware/casbin_rbac.go:30
github.com/gin-gonic/gin.(*Context).Next
	/Users/wangjingjun/go/pkg/mod/github.com/gin-gonic/gin@v1.10.0/context.go:185
github.com/flipped-aurora/gin-vue-admin/server/initialize.Routers.JWTAuth.func5
	/Users/wangjingjun/work/promotion/server/middleware/jwt.go:69
github.com/gin-gonic/gin.(*Context).Next
	/Users/wangjingjun/go/pkg/mod/github.com/gin-gonic/gin@v1.10.0/context.go:185
github.com/gin-gonic/gin.LoggerWithConfig.func1
	/Users/wangjingjun/go/pkg/mod/github.com/gin-gonic/gin@v1.10.0/logger.go:249
github.com/gin-gonic/gin.(*Context).Next
	/Users/wangjingjun/go/pkg/mod/github.com/gin-gonic/gin@v1.10.0/context.go:185
github.com/flipped-aurora/gin-vue-admin/server/initialize.Routers.GinRecovery.func4
	/Users/wangjingjun/work/promotion/server/middleware/error.go:78
github.com/gin-gonic/gin.(*Context).Next
	/Users/wangjingjun/go/pkg/mod/github.com/gin-gonic/gin@v1.10.0/context.go:185
github.com/gin-gonic/gin.(*Engine).handleHTTPRequest
	/Users/wangjingjun/go/pkg/mod/github.com/gin-gonic/gin@v1.10.0/gin.go:633
github.com/gin-gonic/gin.(*Engine).ServeHTTP
	/Users/wangjingjun/go/pkg/mod/github.com/gin-gonic/gin@v1.10.0/gin.go:589
net/http.serverHandler.ServeHTTP
	/Users/wangjingjun/go/pkg/mod/golang.org/toolchain@v0.0.1-go1.25.8.darwin-arm64/src/net/http/server.go:3340
net/http.(*conn).serve
	/Users/wangjingjun/go/pkg/mod/golang.org/toolchain@v0.0.1-go1.25.8.darwin-arm64/src/net/http/server.go:2109
[github.com/flipped-aurora/gin-vue-admin/server]2026-03-20 23:55:31.416	[31merror[0m	/Users/wangjingjun/work/promotion/server/api/v1/system/sys_system.go:84	获取失败!	{"error": "not implemented yet"}
github.com/flipped-aurora/gin-vue-admin/server/api/v1/system.(*SystemApi).GetServerInfo
	/Users/wangjingjun/work/promotion/server/api/v1/system/sys_system.go:84
github.com/gin-gonic/gin.(*Context).Next
	/Users/wangjingjun/go/pkg/mod/github.com/gin-gonic/gin@v1.10.0/context.go:185
github.com/flipped-aurora/gin-vue-admin/server/initialize.Routers.CasbinHandler.func6
	/Users/wangjingjun/work/promotion/server/middleware/casbin_rbac.go:30
github.com/gin-gonic/gin.(*Context).Next
	/Users/wangjingjun/go/pkg/mod/github.com/gin-gonic/gin@v1.10.0/context.go:185
github.com/flipped-aurora/gin-vue-admin/server/initialize.Routers.JWTAuth.func5
	/Users/wangjingjun/work/promotion/server/middleware/jwt.go:69
github.com/gin-gonic/gin.(*Context).Next
	/Users/wangjingjun/go/pkg/mod/github.com/gin-gonic/gin@v1.10.0/context.go:185
github.com/gin-gonic/gin.LoggerWithConfig.func1
	/Users/wangjingjun/go/pkg/mod/github.com/gin-gonic/gin@v1.10.0/logger.go:249
github.com/gin-gonic/gin.(*Context).Next
	/Users/wangjingjun/go/pkg/mod/github.com/gin-gonic/gin@v1.10.0/context.go:185
github.com/flipped-aurora/gin-vue-admin/server/initialize.Routers.GinRecovery.func4
	/Users/wangjingjun/work/promotion/server/middleware/error.go:78
github.com/gin-gonic/gin.(*Context).Next
	/Users/wangjingjun/go/pkg/mod/github.com/gin-gonic/gin@v1.10.0/context.go:185
github.com/gin-gonic/gin.(*Engine).handleHTTPRequest
	/Users/wangjingjun/go/pkg/mod/github.com/gin-gonic/gin@v1.10.0/gin.go:633
github.com/gin-gonic/gin.(*Engine).ServeHTTP
	/Users/wangjingjun/go/pkg/mod/github.com/gin-gonic/gin@v1.10.0/gin.go:589
net/http.serverHandler.ServeHTTP
	/Users/wangjingjun/go/pkg/mod/golang.org/toolchain@v0.0.1-go1.25.8.darwin-arm64/src/net/http/server.go:3340
net/http.(*conn).serve
	/Users/wangjingjun/go/pkg/mod/golang.org/toolchain@v0.0.1-go1.25.8.darwin-arm64/src/net/http/server.go:2109
[github.com/flipped-aurora/gin-vue-admin/server]2026-03-20 23:55:42.724	[31merror[0m	/Users/wangjingjun/work/promotion/server/service/system/sys_system.go:49	func utils.InitCPU() Failed	{"err": "not implemented yet"}
github.com/flipped-aurora/gin-vue-admin/server/service/system.(*SystemConfigService).GetServerInfo
	/Users/wangjingjun/work/promotion/server/service/system/sys_system.go:49
github.com/flipped-aurora/gin-vue-admin/server/api/v1/system.(*SystemApi).GetServerInfo
	/Users/wangjingjun/work/promotion/server/api/v1/system/sys_system.go:82
github.com/gin-gonic/gin.(*Context).Next
	/Users/wangjingjun/go/pkg/mod/github.com/gin-gonic/gin@v1.10.0/context.go:185
github.com/flipped-aurora/gin-vue-admin/server/initialize.Routers.CasbinHandler.func6
	/Users/wangjingjun/work/promotion/server/middleware/casbin_rbac.go:30
github.com/gin-gonic/gin.(*Context).Next
	/Users/wangjingjun/go/pkg/mod/github.com/gin-gonic/gin@v1.10.0/context.go:185
github.com/flipped-aurora/gin-vue-admin/server/initialize.Routers.JWTAuth.func5
	/Users/wangjingjun/work/promotion/server/middleware/jwt.go:69
github.com/gin-gonic/gin.(*Context).Next
	/Users/wangjingjun/go/pkg/mod/github.com/gin-gonic/gin@v1.10.0/context.go:185
github.com/gin-gonic/gin.LoggerWithConfig.func1
	/Users/wangjingjun/go/pkg/mod/github.com/gin-gonic/gin@v1.10.0/logger.go:249
github.com/gin-gonic/gin.(*Context).Next
	/Users/wangjingjun/go/pkg/mod/github.com/gin-gonic/gin@v1.10.0/context.go:185
github.com/flipped-aurora/gin-vue-admin/server/initialize.Routers.GinRecovery.func4
	/Users/wangjingjun/work/promotion/server/middleware/error.go:78
github.com/gin-gonic/gin.(*Context).Next
	/Users/wangjingjun/go/pkg/mod/github.com/gin-gonic/gin@v1.10.0/context.go:185
github.com/gin-gonic/gin.(*Engine).handleHTTPRequest
	/Users/wangjingjun/go/pkg/mod/github.com/gin-gonic/gin@v1.10.0/gin.go:633
github.com/gin-gonic/gin.(*Engine).ServeHTTP
	/Users/wangjingjun/go/pkg/mod/github.com/gin-gonic/gin@v1.10.0/gin.go:589
net/http.serverHandler.ServeHTTP
	/Users/wangjingjun/go/pkg/mod/golang.org/toolchain@v0.0.1-go1.25.8.darwin-arm64/src/net/http/server.go:3340
net/http.(*conn).serve
	/Users/wangjingjun/go/pkg/mod/golang.org/toolchain@v0.0.1-go1.25.8.darwin-arm64/src/net/http/server.go:2109
[github.com/flipped-aurora/gin-vue-admin/server]2026-03-20 23:55:42.733	[31merror[0m	/Users/wangjingjun/work/promotion/server/api/v1/system/sys_system.go:84	获取失败!	{"error": "not implemented yet"}
github.com/flipped-aurora/gin-vue-admin/server/api/v1/system.(*SystemApi).GetServerInfo
	/Users/wangjingjun/work/promotion/server/api/v1/system/sys_system.go:84
github.com/gin-gonic/gin.(*Context).Next
	/Users/wangjingjun/go/pkg/mod/github.com/gin-gonic/gin@v1.10.0/context.go:185
github.com/flipped-aurora/gin-vue-admin/server/initialize.Routers.CasbinHandler.func6
	/Users/wangjingjun/work/promotion/server/middleware/casbin_rbac.go:30
github.com/gin-gonic/gin.(*Context).Next
	/Users/wangjingjun/go/pkg/mod/github.com/gin-gonic/gin@v1.10.0/context.go:185
github.com/flipped-aurora/gin-vue-admin/server/initialize.Routers.JWTAuth.func5
	/Users/wangjingjun/work/promotion/server/middleware/jwt.go:69
github.com/gin-gonic/gin.(*Context).Next
	/Users/wangjingjun/go/pkg/mod/github.com/gin-gonic/gin@v1.10.0/context.go:185
github.com/gin-gonic/gin.LoggerWithConfig.func1
	/Users/wangjingjun/go/pkg/mod/github.com/gin-gonic/gin@v1.10.0/logger.go:249
github.com/gin-gonic/gin.(*Context).Next
	/Users/wangjingjun/go/pkg/mod/github.com/gin-gonic/gin@v1.10.0/context.go:185
github.com/flipped-aurora/gin-vue-admin/server/initialize.Routers.GinRecovery.func4
	/Users/wangjingjun/work/promotion/server/middleware/error.go:78
github.com/gin-gonic/gin.(*Context).Next
	/Users/wangjingjun/go/pkg/mod/github.com/gin-gonic/gin@v1.10.0/context.go:185
github.com/gin-gonic/gin.(*Engine).handleHTTPRequest
	/Users/wangjingjun/go/pkg/mod/github.com/gin-gonic/gin@v1.10.0/gin.go:633
github.com/gin-gonic/gin.(*Engine).ServeHTTP
	/Users/wangjingjun/go/pkg/mod/github.com/gin-gonic/gin@v1.10.0/gin.go:589
net/http.serverHandler.ServeHTTP
	/Users/wangjingjun/go/pkg/mod/golang.org/toolchain@v0.0.1-go1.25.8.darwin-arm64/src/net/http/server.go:3340
net/http.(*conn).serve
	/Users/wangjingjun/go/pkg/mod/golang.org/toolchain@v0.0.1-go1.25.8.darwin-arm64/src/net/http/server.go:2109
